<?xml version="1.0" encoding="UTF-8"?>
<!-- Generated by org.testng.reporters.JUnitXMLReporter -->
<testsuite hostname="DESKTOP-NVKRUUO" ignored="0" name="first patch test" tests="4" failures="0" timestamp="2021-12-25T14:56:20 EET" time="31.434" errors="0">
  <testcase name="testSearchItemAsGuest" time="4.198" classname="tests.TestSearchItem"/>
  <testcase name="testRegisterToWebsite" time="5.442" classname="tests.TestRegistrationToNopCommerce"/>
  <testcase name="testRegisterToWebsite" time="7.539" classname="tests.TestRegistrationToNopCommerce"/>
  <testcase name="testLoginToWebsite" time="5.678" classname="tests.TestLogin"/>
</testsuite> <!-- first patch test -->
