<?xml version="1.0" encoding="UTF-8"?>
<!-- Generated by org.testng.reporters.JUnitXMLReporter -->
<testsuite ignored="0" hostname="DESKTOP-NVKRUUO" failures="0" tests="4" name="test" time="29.744" errors="0" timestamp="2021-12-25T07:21:08 EET">
  <testcase classname="tests.TestSearchItem" name="testSearchItemAsGuest" time="6.219"/>
  <testcase classname="tests.TestRegistrationToNopCommerce" name="testRegisterToWebsite" time="5.761"/>
  <testcase classname="tests.TestRegistrationToNopCommerce" name="testRegisterToWebsite" time="6.954"/>
  <testcase classname="tests.TestLogin" name="testLoginToWebsite" time="4.628"/>
</testsuite> <!-- test -->
