<?xml version="1.0" encoding="UTF-8"?>
<testng-results ignored="0" total="4" passed="4" failed="0" skipped="0">
  <reporter-output>
  </reporter-output>
  <suite started-at="2021-12-25T07:20:38 EET" name="Regression" finished-at="2021-12-25T07:21:08 EET" duration-ms="29744">
    <groups>
    </groups>
    <test started-at="2021-12-25T07:20:38 EET" name="test" finished-at="2021-12-25T07:21:08 EET" duration-ms="29744">
      <class name="tests.TestRegistrationToNopCommerce">
        <test-method is-config="true" signature="setUp()[pri:0, instance:tests.TestRegistrationToNopCommerce@7ce3cb8e]" started-at="2021-12-25T07:20:48 EET" name="setUp" finished-at="2021-12-25T07:20:49 EET" duration-ms="682" status="PASS">
          <reporter-output>
          </reporter-output>
        </test-method> <!-- setUp -->
        <test-method signature="testRegisterToWebsite()[pri:0, instance:tests.TestRegistrationToNopCommerce@7ce3cb8e]" started-at="2021-12-25T07:20:49 EET" name="testRegisterToWebsite" finished-at="2021-12-25T07:20:55 EET" duration-ms="5761" status="PASS">
          <reporter-output>
          </reporter-output>
        </test-method> <!-- testRegisterToWebsite -->
        <test-method is-config="true" signature="tearDown()[pri:0, instance:tests.TestRegistrationToNopCommerce@7ce3cb8e]" started-at="2021-12-25T07:20:55 EET" name="tearDown" finished-at="2021-12-25T07:20:55 EET" duration-ms="139" status="PASS">
          <reporter-output>
          </reporter-output>
        </test-method> <!-- tearDown -->
      </class> <!-- tests.TestRegistrationToNopCommerce -->
      <class name="tests.TestSearchItem">
        <test-method is-config="true" signature="setUp()[pri:0, instance:tests.TestSearchItem@1ffe63b9]" started-at="2021-12-25T07:20:38 EET" name="setUp" finished-at="2021-12-25T07:20:42 EET" duration-ms="3592" status="PASS">
          <reporter-output>
          </reporter-output>
        </test-method> <!-- setUp -->
        <test-method signature="testSearchItemAsGuest()[pri:0, instance:tests.TestSearchItem@1ffe63b9]" started-at="2021-12-25T07:20:42 EET" name="testSearchItemAsGuest" finished-at="2021-12-25T07:20:48 EET" duration-ms="6219" status="PASS">
          <reporter-output>
          </reporter-output>
        </test-method> <!-- testSearchItemAsGuest -->
        <test-method is-config="true" signature="tearDown()[pri:0, instance:tests.TestSearchItem@1ffe63b9]" started-at="2021-12-25T07:20:48 EET" name="tearDown" finished-at="2021-12-25T07:20:48 EET" duration-ms="148" status="PASS">
          <reporter-output>
          </reporter-output>
        </test-method> <!-- tearDown -->
      </class> <!-- tests.TestSearchItem -->
      <class name="tests.TestLogin">
        <test-method is-config="true" signature="setUp()[pri:0, instance:tests.TestLogin@bef2d72]" started-at="2021-12-25T07:20:55 EET" name="setUp" finished-at="2021-12-25T07:20:55 EET" duration-ms="691" status="PASS">
          <reporter-output>
          </reporter-output>
        </test-method> <!-- setUp -->
        <test-method signature="testRegisterToWebsite()[pri:0, instance:tests.TestLogin@bef2d72]" started-at="2021-12-25T07:20:55 EET" name="testRegisterToWebsite" finished-at="2021-12-25T07:21:02 EET" duration-ms="6954" status="PASS">
          <reporter-output>
          </reporter-output>
        </test-method> <!-- testRegisterToWebsite -->
        <test-method is-config="true" signature="tearDown()[pri:0, instance:tests.TestLogin@bef2d72]" started-at="2021-12-25T07:21:02 EET" name="tearDown" finished-at="2021-12-25T07:21:02 EET" duration-ms="115" status="PASS">
          <reporter-output>
          </reporter-output>
        </test-method> <!-- tearDown -->
        <test-method is-config="true" signature="setUp()[pri:0, instance:tests.TestLogin@bef2d72]" started-at="2021-12-25T07:21:02 EET" name="setUp" finished-at="2021-12-25T07:21:03 EET" duration-ms="683" status="PASS">
          <reporter-output>
          </reporter-output>
        </test-method> <!-- setUp -->
        <test-method signature="testLoginToWebsite()[pri:0, instance:tests.TestLogin@bef2d72]" started-at="2021-12-25T07:21:03 EET" name="testLoginToWebsite" finished-at="2021-12-25T07:21:08 EET" depends-on-methods="tests.TestRegistrationToNopCommerce.testRegisterToWebsite" duration-ms="4628" status="PASS">
          <reporter-output>
          </reporter-output>
        </test-method> <!-- testLoginToWebsite -->
        <test-method is-config="true" signature="tearDown()[pri:0, instance:tests.TestLogin@bef2d72]" started-at="2021-12-25T07:21:08 EET" name="tearDown" finished-at="2021-12-25T07:21:08 EET" duration-ms="106" status="PASS">
          <reporter-output>
          </reporter-output>
        </test-method> <!-- tearDown -->
      </class> <!-- tests.TestLogin -->
    </test> <!-- test -->
  </suite> <!-- Regression -->
</testng-results>
