<?xml version="1.0" encoding="UTF-8"?>
<testng-results skipped="0" failed="0" ignored="0" total="4" passed="4">
  <reporter-output>
  </reporter-output>
  <suite name="Regression" duration-ms="31434" started-at="2021-12-25T14:55:48 EET" finished-at="2021-12-25T14:56:20 EET">
    <groups>
    </groups>
    <test name="first patch test" duration-ms="31434" started-at="2021-12-25T14:55:48 EET" finished-at="2021-12-25T14:56:20 EET">
      <class name="tests.TestRegistrationToNopCommerce">
        <test-method status="PASS" signature="setUp()[pri:0, instance:tests.TestRegistrationToNopCommerce@467aecef]" name="setUp" is-config="true" duration-ms="1221" started-at="2021-12-25T14:55:55 EET" finished-at="2021-12-25T14:55:57 EET">
          <reporter-output>
          </reporter-output>
        </test-method> <!-- setUp -->
        <test-method status="PASS" signature="testRegisterToWebsite()[pri:0, instance:tests.TestRegistrationToNopCommerce@467aecef]" name="testRegisterToWebsite" duration-ms="5442" started-at="2021-12-25T14:55:57 EET" finished-at="2021-12-25T14:56:02 EET">
          <reporter-output>
          </reporter-output>
        </test-method> <!-- testRegisterToWebsite -->
        <test-method status="PASS" signature="tearDown()[pri:0, instance:tests.TestRegistrationToNopCommerce@467aecef]" name="tearDown" is-config="true" duration-ms="638" started-at="2021-12-25T14:56:02 EET" finished-at="2021-12-25T14:56:03 EET">
          <reporter-output>
          </reporter-output>
        </test-method> <!-- tearDown -->
      </class> <!-- tests.TestRegistrationToNopCommerce -->
      <class name="tests.TestSearchItem">
        <test-method status="PASS" signature="setUp()[pri:0, instance:tests.TestSearchItem@4b1c1ea0]" name="setUp" is-config="true" duration-ms="2310" started-at="2021-12-25T14:55:48 EET" finished-at="2021-12-25T14:55:51 EET">
          <reporter-output>
          </reporter-output>
        </test-method> <!-- setUp -->
        <test-method status="PASS" signature="testSearchItemAsGuest()[pri:0, instance:tests.TestSearchItem@4b1c1ea0]" name="testSearchItemAsGuest" duration-ms="4198" started-at="2021-12-25T14:55:51 EET" finished-at="2021-12-25T14:55:55 EET">
          <reporter-output>
          </reporter-output>
        </test-method> <!-- testSearchItemAsGuest -->
        <test-method status="PASS" signature="tearDown()[pri:0, instance:tests.TestSearchItem@4b1c1ea0]" name="tearDown" is-config="true" duration-ms="639" started-at="2021-12-25T14:55:55 EET" finished-at="2021-12-25T14:55:55 EET">
          <reporter-output>
          </reporter-output>
        </test-method> <!-- tearDown -->
      </class> <!-- tests.TestSearchItem -->
      <class name="tests.TestLogin">
        <test-method status="PASS" signature="setUp()[pri:0, instance:tests.TestLogin@2173f6d9]" name="setUp" is-config="true" duration-ms="1251" started-at="2021-12-25T14:56:03 EET" finished-at="2021-12-25T14:56:04 EET">
          <reporter-output>
          </reporter-output>
        </test-method> <!-- setUp -->
        <test-method status="PASS" signature="testRegisterToWebsite()[pri:0, instance:tests.TestLogin@2173f6d9]" name="testRegisterToWebsite" duration-ms="7539" started-at="2021-12-25T14:56:04 EET" finished-at="2021-12-25T14:56:11 EET">
          <reporter-output>
          </reporter-output>
        </test-method> <!-- testRegisterToWebsite -->
        <test-method status="PASS" signature="tearDown()[pri:0, instance:tests.TestLogin@2173f6d9]" name="tearDown" is-config="true" duration-ms="658" started-at="2021-12-25T14:56:11 EET" finished-at="2021-12-25T14:56:12 EET">
          <reporter-output>
          </reporter-output>
        </test-method> <!-- tearDown -->
        <test-method status="PASS" signature="setUp()[pri:0, instance:tests.TestLogin@2173f6d9]" name="setUp" is-config="true" duration-ms="1202" started-at="2021-12-25T14:56:12 EET" finished-at="2021-12-25T14:56:13 EET">
          <reporter-output>
          </reporter-output>
        </test-method> <!-- setUp -->
        <test-method status="PASS" signature="testLoginToWebsite()[pri:0, instance:tests.TestLogin@2173f6d9]" name="testLoginToWebsite" duration-ms="5678" started-at="2021-12-25T14:56:13 EET" depends-on-methods="tests.TestRegistrationToNopCommerce.testRegisterToWebsite" finished-at="2021-12-25T14:56:19 EET">
          <reporter-output>
          </reporter-output>
        </test-method> <!-- testLoginToWebsite -->
        <test-method status="PASS" signature="tearDown()[pri:0, instance:tests.TestLogin@2173f6d9]" name="tearDown" is-config="true" duration-ms="632" started-at="2021-12-25T14:56:19 EET" finished-at="2021-12-25T14:56:20 EET">
          <reporter-output>
          </reporter-output>
        </test-method> <!-- tearDown -->
      </class> <!-- tests.TestLogin -->
    </test> <!-- first patch test -->
  </suite> <!-- Regression -->
</testng-results>
